2024-04-24 15:07:08,991 - INFO - ==================================STARTING EXTRACT DATA=======================================
2024-04-24 15:07:09,024 - INFO - EXTRACT 'actor' - SUCCESS.
2024-04-24 15:07:09,038 - INFO - EXTRACT 'address' - SUCCESS.
2024-04-24 15:07:09,044 - INFO - EXTRACT 'category' - SUCCESS.
2024-04-24 15:07:09,055 - INFO - EXTRACT 'city' - SUCCESS.
2024-04-24 15:07:09,061 - INFO - EXTRACT 'country' - SUCCESS.
2024-04-24 15:07:09,088 - INFO - EXTRACT 'customer' - SUCCESS.
2024-04-24 15:07:09,145 - INFO - EXTRACT 'film' - SUCCESS.
2024-04-24 15:07:09,218 - INFO - EXTRACT 'film_actor' - SUCCESS.
2024-04-24 15:07:09,234 - INFO - EXTRACT 'film_category' - SUCCESS.
2024-04-24 15:07:09,299 - INFO - EXTRACT 'inventory' - SUCCESS.
2024-04-24 15:07:09,307 - INFO - EXTRACT 'language' - SUCCESS.
2024-04-24 15:07:09,549 - INFO - EXTRACT 'payment' - SUCCESS.
2024-04-24 15:07:10,028 - INFO - EXTRACT 'rental' - SUCCESS.
2024-04-24 15:07:10,035 - INFO - EXTRACT 'staff' - SUCCESS.
2024-04-24 15:07:10,040 - INFO - EXTRACT 'store' - SUCCESS.
2024-04-24 15:07:10,041 - INFO - Extract All Tables From Sources - SUCCESS
2024-04-24 15:07:10,044 - INFO - ==================================ENDING EXTRACT DATA=======================================
2024-04-24 15:07:10,044 - INFO - [pid 177579] Worker Worker(salt=7501666660, workers=1, host=DESKTOP-J6D9CFU, username=laode, pid=177579) done      Extract()
2024-04-24 15:07:10,045 - DEBUG - 1 running tasks, waiting for next task to finish
2024-04-24 15:07:10,051 - INFO - Informed scheduler that task   Extract__99914b932b   has status   DONE
2024-04-24 15:07:10,051 - DEBUG - Asking scheduler for work...
2024-04-24 15:07:10,057 - DEBUG - Pending tasks: 1
2024-04-24 15:07:10,058 - INFO - [pid 177579] Worker Worker(salt=7501666660, workers=1, host=DESKTOP-J6D9CFU, username=laode, pid=177579) running   Load()
2024-04-24 15:07:10,059 - INFO - Read Load Query - SUCCESS
2024-04-24 15:07:10,167 - INFO - Read Extracted Data - SUCCESS
2024-04-24 15:07:10,169 - INFO - Connect to DWH - SUCCESS
2024-04-24 15:07:10,589 - INFO - Truncate dvdrental Schema in DWH - SUCCESS
2024-04-24 15:07:10,589 - INFO - ==================================STARTING LOAD DATA=======================================
2024-04-24 15:07:10,625 - INFO - LOAD 'dvdrental.actor' - SUCCESS
2024-04-24 15:07:10,638 - INFO - LOAD 'dvdrental.country' - SUCCESS
2024-04-24 15:07:10,686 - INFO - LOAD 'dvdrental.city' - SUCCESS
2024-04-24 15:07:10,757 - INFO - LOAD 'dvdrental.address' - SUCCESS
2024-04-24 15:07:10,766 - INFO - LOAD 'dvdrental.category' - SUCCESS
2024-04-24 15:07:10,843 - INFO - LOAD 'dvdrental.customer' - SUCCESS
2024-04-24 15:07:10,852 - INFO - LOAD 'dvdrental.language' - SUCCESS
2024-04-24 15:07:11,010 - INFO - LOAD 'dvdrental.film' - SUCCESS
2024-04-24 15:07:11,405 - INFO - LOAD 'dvdrental.film_actor' - SUCCESS
2024-04-24 15:07:11,553 - INFO - LOAD 'dvdrental.film_category' - SUCCESS
2024-04-24 15:07:11,804 - INFO - LOAD 'dvdrental.inventory' - SUCCESS
2024-04-24 15:07:11,818 - INFO - LOAD 'dvdrental.staff' - SUCCESS
2024-04-24 15:07:13,451 - INFO - LOAD 'dvdrental.rental' - SUCCESS
2024-04-24 15:07:14,683 - INFO - LOAD 'dvdrental.payment' - SUCCESS
2024-04-24 15:07:14,693 - INFO - LOAD 'dvdrental.film' - SUCCESS
2024-04-24 15:07:14,693 - INFO - LOAD 'dvdrental.store' - SUCCESS
2024-04-24 15:07:14,693 - INFO - LOAD All Tables To DWH-dvdrental - SUCCESS
2024-04-24 15:07:14,696 - INFO - ==================================ENDING LOAD DATA=======================================
2024-04-24 15:07:14,698 - INFO - [pid 177579] Worker Worker(salt=7501666660, workers=1, host=DESKTOP-J6D9CFU, username=laode, pid=177579) done      Load()
2024-04-24 15:07:14,698 - DEBUG - 1 running tasks, waiting for next task to finish
2024-04-24 15:07:14,703 - INFO - Informed scheduler that task   Load__99914b932b   has status   DONE
2024-04-24 15:07:14,704 - DEBUG - Asking scheduler for work...
2024-04-24 15:07:14,709 - DEBUG - Done
2024-04-24 15:07:14,710 - DEBUG - There are no more tasks to run at this time
2024-04-24 15:07:14,710 - INFO - Worker Worker(salt=7501666660, workers=1, host=DESKTOP-J6D9CFU, username=laode, pid=177579) was stopped. Shutting down Keep-Alive thread
2024-04-24 15:07:14,712 - INFO - 
===== Luigi Execution Summary =====

Scheduled 2 tasks of which:
* 2 ran successfully:
    - 1 Extract()
    - 1 Load()

This progress looks :) because there were no failed tasks or missing dependencies

===== Luigi Execution Summary =====

2024-04-25 12:54:28,888 - INFO - ==================================STARTING EXTRACT DATA=======================================
2024-04-25 12:54:28,923 - INFO - EXTRACT 'actor' - SUCCESS.
2024-04-25 12:54:28,931 - INFO - EXTRACT 'address' - SUCCESS.
2024-04-25 12:54:28,935 - INFO - EXTRACT 'category' - SUCCESS.
2024-04-25 12:54:28,942 - INFO - EXTRACT 'city' - SUCCESS.
2024-04-25 12:54:28,946 - INFO - EXTRACT 'country' - SUCCESS.
2024-04-25 12:54:28,956 - INFO - EXTRACT 'customer' - SUCCESS.
2024-04-25 12:54:28,984 - INFO - EXTRACT 'film' - SUCCESS.
2024-04-25 12:54:29,010 - INFO - EXTRACT 'film_actor' - SUCCESS.
2024-04-25 12:54:29,017 - INFO - EXTRACT 'film_category' - SUCCESS.
2024-04-25 12:54:29,047 - INFO - EXTRACT 'inventory' - SUCCESS.
2024-04-25 12:54:29,051 - INFO - EXTRACT 'language' - SUCCESS.
2024-04-25 12:54:29,172 - INFO - EXTRACT 'payment' - SUCCESS.
2024-04-25 12:54:29,434 - INFO - EXTRACT 'rental' - SUCCESS.
2024-04-25 12:54:29,442 - INFO - EXTRACT 'staff' - SUCCESS.
2024-04-25 12:54:29,446 - INFO - EXTRACT 'store' - SUCCESS.
2024-04-25 12:54:29,447 - INFO - Extract All Tables From Sources - SUCCESS
2024-04-25 12:54:29,448 - INFO - ==================================ENDING EXTRACT DATA=======================================
2024-04-25 12:54:29,449 - INFO - [pid 75189] Worker Worker(salt=8007000686, workers=1, host=DESKTOP-J6D9CFU, username=laode, pid=75189) done      Extract()
2024-04-25 12:54:29,450 - DEBUG - 1 running tasks, waiting for next task to finish
2024-04-25 12:54:29,454 - INFO - Informed scheduler that task   Extract__99914b932b   has status   DONE
2024-04-25 12:54:29,454 - DEBUG - Asking scheduler for work...
2024-04-25 12:54:29,458 - DEBUG - Pending tasks: 1
2024-04-25 12:54:29,458 - INFO - [pid 75189] Worker Worker(salt=8007000686, workers=1, host=DESKTOP-J6D9CFU, username=laode, pid=75189) running   Load()
2024-04-25 12:54:29,460 - INFO - Read Load Query - SUCCESS
2024-04-25 12:54:29,566 - INFO - Read Extracted Data - SUCCESS
2024-04-25 12:54:29,567 - INFO - Connect to DWH - SUCCESS
2024-04-25 12:54:30,011 - INFO - Truncate dvdrental Schema in DWH - SUCCESS
2024-04-25 12:54:30,011 - INFO - ==================================STARTING LOAD DATA=======================================
2024-04-25 12:54:30,029 - INFO - LOAD 'dvdrental.actor' - SUCCESS
2024-04-25 12:54:30,036 - INFO - LOAD 'dvdrental.country' - SUCCESS
2024-04-25 12:54:30,060 - INFO - LOAD 'dvdrental.city' - SUCCESS
2024-04-25 12:54:30,111 - INFO - LOAD 'dvdrental.address' - SUCCESS
2024-04-25 12:54:30,118 - INFO - LOAD 'dvdrental.category' - SUCCESS
2024-04-25 12:54:30,167 - INFO - LOAD 'dvdrental.customer' - SUCCESS
2024-04-25 12:54:30,174 - INFO - LOAD 'dvdrental.language' - SUCCESS
2024-04-25 12:54:30,274 - INFO - LOAD 'dvdrental.film' - SUCCESS
2024-04-25 12:54:30,512 - INFO - LOAD 'dvdrental.film_actor' - SUCCESS
2024-04-25 12:54:30,552 - INFO - LOAD 'dvdrental.film_category' - SUCCESS
2024-04-25 12:54:30,699 - INFO - LOAD 'dvdrental.inventory' - SUCCESS
2024-04-25 12:54:30,707 - INFO - LOAD 'dvdrental.staff' - SUCCESS
2024-04-25 12:54:31,863 - INFO - LOAD 'dvdrental.rental' - SUCCESS
2024-04-25 12:54:32,876 - INFO - LOAD 'dvdrental.payment' - SUCCESS
2024-04-25 12:54:32,883 - INFO - LOAD 'dvdrental.film' - SUCCESS
2024-04-25 12:54:32,883 - INFO - LOAD 'dvdrental.store' - SUCCESS
2024-04-25 12:54:32,883 - INFO - LOAD All Tables To DWH-dvdrental - SUCCESS
2024-04-25 12:54:32,884 - INFO - ==================================ENDING LOAD DATA=======================================
2024-04-25 12:54:32,886 - INFO - [pid 75189] Worker Worker(salt=8007000686, workers=1, host=DESKTOP-J6D9CFU, username=laode, pid=75189) done      Load()
2024-04-25 12:54:32,886 - DEBUG - 1 running tasks, waiting for next task to finish
2024-04-25 12:54:32,889 - INFO - Informed scheduler that task   Load__99914b932b   has status   DONE
2024-04-25 12:54:32,889 - DEBUG - Asking scheduler for work...
2024-04-25 12:54:32,892 - DEBUG - Done
2024-04-25 12:54:32,892 - DEBUG - There are no more tasks to run at this time
2024-04-25 12:54:32,892 - INFO - Worker Worker(salt=8007000686, workers=1, host=DESKTOP-J6D9CFU, username=laode, pid=75189) was stopped. Shutting down Keep-Alive thread
2024-04-25 12:54:32,893 - INFO - 
===== Luigi Execution Summary =====

Scheduled 2 tasks of which:
* 2 ran successfully:
    - 1 Extract()
    - 1 Load()

This progress looks :) because there were no failed tasks or missing dependencies

===== Luigi Execution Summary =====

